proguard/seeds.txt
com.cheng.ggg.AboutActivity
com.cheng.ggg.AboutActivity: AboutActivity()
com.cheng.ggg.AboutActivity: void onClick(android.view.View)
com.cheng.ggg.GggActivity
com.cheng.ggg.GggActivity: GggActivity()
com.cheng.ggg.GongGuoListActivity
com.cheng.ggg.GongGuoListActivity: GongGuoListActivity()
com.cheng.ggg.MainActivity
com.cheng.ggg.MainActivity: MainActivity()
com.cheng.ggg.MainActivity: void onClick(android.view.View)
com.cheng.ggg.UserGongGuoListActivity
com.cheng.ggg.UserGongGuoListActivity: UserGongGuoListActivity()
...
android.support.v4.view.ViewPager$SavedState
android.support.v4.view.ViewPager$SavedState: android.os.Parcelable$Creator CREATOR
com.umeng.analytics.Gender: com.umeng.analytics.Gender[] values()
com.umeng.analytics.Gender: com.umeng.analytics.Gender valueOf(java.lang.String)
com.umeng.common.Log
com.umeng.common.Log: boolean LOG
com.umeng.common.Log: void <clinit>()
com.umeng.common.Log: Log()
com.umeng.common.Log: void a(java.lang.String,java.lang.String)
com.umeng.common.Log: void a(java.lang.String,java.lang.String,java.lang.Exception)
com.umeng.common.Log: void b(java.lang.String,java.lang.String)
com.umeng.common.Log: void b(java.lang.String,java.lang.String,java.lang.Exception)
com.umeng.common.Log: void c(java.lang.String,java.lang.String)
com.umeng.common.Log: void c(java.lang.String,java.lang.String,java.lang.Exception)
com.umeng.common.Log: void d(java.lang.String,java.lang.String)
com.umeng.common.Log: void d(java.lang.String,java.lang.String,java.lang.Exception)
com.umeng.common.Log: void e(java.lang.String,java.lang.String)
com.umeng.common.Log: void e(java.lang.String,java.lang.String,java.lang.Exception)
com.umeng.common.a
com.umeng.common.a: java.lang.String a
com.umeng.common.a: java.lang.String b
com.umeng.common.a: java.lang.String c
com.umeng.common.a: java.lang.String d
com.umeng.common.a: java.lang.String e
com.umeng.common.a: java.lang.String f
com.umeng.common.a: java.lang.String g
com.umeng.common.a: java.lang.String h
com.umeng.common.a: java.lang.String i
com.umeng.common.a: java.lang.String j
com.umeng.common.a: java.lang.String k
com.umeng.common.a: java.lang.String l
com.umeng.common.a: java.lang.String m
com.umeng.common.a: void <clinit>()
com.umeng.common.a: a()
com.umeng.common.a.a
com.umeng.common.a.a: a()
com.umeng.common.a.a: int a(android.content.Context)
com.umeng.common.a.a: int b(android.content.Context)
com.umeng.common.a.a: int c(android.content.Context)
com.umeng.common.a.a: int d(android.content.Context)
com.umeng.common.a.a: int e(android.content.Context)
com.umeng.common.a.a: int f(android.content.Context)
com.umeng.common.a.a: int g(android.content.Context)
com.umeng.common.a.a: int h(android.content.Context)
com.umeng.common.a.b
com.umeng.common.a.b: b()
com.umeng.common.a.b: int a(android.content.Context)
com.umeng.common.a.c
com.umeng.common.a.c: c()
com.umeng.common.a.c: int a(android.content.Context)
com.umeng.common.a.c: int b(android.content.Context)
com.umeng.common.a.c: int c(android.content.Context)
com.umeng.common.a.c: int d(android.content.Context)
com.umeng.common.a.c: int e(android.content.Context)
com.umeng.common.a.c: int f(android.content.Context)
com.umeng.common.a.c: int g(android.content.Context)
com.umeng.common.a.c: int h(android.content.Context)