proguard/mapping.txt
com.cheng.ggg.AboutActivity -> com.cheng.ggg.AboutActivity:
    void onCreate(android.os.Bundle) -> onCreate
    void onClick(android.view.View) -> onClick
com.cheng.ggg.GggActivity -> com.cheng.ggg.GggActivity:
    android.widget.TabHost mTabHost -> a
    android.widget.TabHost$TabSpec[] mTabs -> b
    int TABID_GONG -> c
    java.lang.String TAB_GONG -> d
    void onCreate(android.os.Bundle) -> onCreate
com.cheng.ggg.GongGuoListActivity -> com.cheng.ggg.GongGuoListActivity:
    android.widget.ExpandableListAdapter mAdapter -> a
    com.cheng.ggg.database.SQLiteHelper mSQLiteHelper -> b
    boolean mbGong -> c
    java.util.ArrayList mGongGuoBaseList -> d
    android.app.Activity mThis -> e
    android.widget.ExpandableListView mListView -> f
    android.widget.ExpandableListView$OnChildClickListener mOnChildClickListener -> g
    void onCreate(android.os.Bundle) -> onCreate
com.cheng.ggg.GongGuoListActivity$1 -> com.cheng.ggg.a:
    com.cheng.ggg.GongGuoListActivity this$0 -> a
    boolean onChildClick(android.widget.ExpandableListView,android.view.View,int,int,long) -> onChildClick
com.cheng.ggg.GongGuoListActivity$GroupChild -> com.cheng.ggg.b:
    int groupPosition -> a
    int childPosition -> b
    com.cheng.ggg.GongGuoListActivity this$0 -> c
com.cheng.ggg.GongGuoListActivity$MyExpandableListAdapter -> com.cheng.ggg.c:
    android.view.View$OnClickListener mGroupClick -> a
    android.view.View$OnClickListener mChildClick -> b
    com.cheng.ggg.GongGuoListActivity this$0 -> c
    java.lang.Object getChild(int,int) -> getChild
    long getChildId(int,int) -> getChildId
    android.view.View getChildView(int,int,boolean,android.view.View,android.view.ViewGroup) -> getChildView
    int getChildrenCount(int) -> getChildrenCount
    java.lang.Object getGroup(int) -> getGroup
    int getGroupCount() -> getGroupCount
    long getGroupId(int) -> getGroupId
    android.widget.TextView getGenericViewByStyle(int) -> a
    android.view.View getGroupView(int,boolean,android.view.View,android.view.ViewGroup) -> getGroupView
    boolean hasStableIds() -> hasStableIds
    boolean isChildSelectable(int,int) -> isChildSelectable
    com.cheng.ggg.GongGuoListActivity access$0(com.cheng.ggg.GongGuoListActivity$MyExpandableListAdapter) -> a
com.cheng.ggg.GongGuoListActivity$MyExpandableListAdapter$1 -> com.cheng.ggg.d:
    com.cheng.ggg.GongGuoListActivity$MyExpandableListAdapter this$1 -> a
    void onClick(android.view.View) -> onClick
com.cheng.ggg.GongGuoListActivity$MyExpandableListAdapter$2 -> com.cheng.ggg.e:
    com.cheng.ggg.GongGuoListActivity$MyExpandableListAdapter this$1 -> a
    void onClick(android.view.View) -> onClick
com.cheng.ggg.MainActivity -> com.cheng.ggg.MainActivity:
    com.cheng.ggg.database.SQLiteHelper mSQLiteHelper -> a
    android.widget.TextView textGong -> b
    android.widget.TextView textGuo -> c
    android.widget.TextView textTotal -> d
    void onCreate(android.os.Bundle) -> onCreate
    void onResume() -> onResume
    void onPause() -> onPause
    void setTextViewColorAndCount(android.widget.TextView,int) -> a
    void gotoGongGuoActivity(boolean) -> a
    void onClick(android.view.View) -> onClick
com.cheng.ggg.UserGongGuoListActivity -> com.cheng.ggg.UserGongGuoListActivity:
    android.app.Activity mActivity -> a
    android.widget.ListView mListView -> b
    com.cheng.ggg.UserGongGuoListActivity$UserGongGuoAdapter mAdapter -> c
    com.cheng.ggg.database.SQLiteHelper mSQLiteHelper -> d
    java.util.ArrayList mUserGongGuoList -> e
    int mType -> f
    android.widget.AdapterView$OnItemLongClickListener mOnItemLongClickListener -> g
    void onCreate(android.os.Bundle) -> onCreate
    boolean onContextItemSelected(android.view.MenuItem) -> onContextItemSelected
com.cheng.ggg.UserGongGuoListActivity$1 -> com.cheng.ggg.f:
    com.cheng.ggg.UserGongGuoListActivity this$0 -> a
    boolean onItemLongClick(android.widget.AdapterView,android.view.View,int,long) -> onItemLongClick
...
com.umeng.fb.d -> com.umeng.fb.i:
    android.app.AlertDialog a -> a
    void onClick(android.view.View) -> onClick
com.umeng.fb.e -> com.umeng.fb.j:
    void handleMessage(android.os.Message) -> handleMessage
com.umeng.fb.f -> com.umeng.fb.k:
    long d -> a
    boolean e -> b
    boolean h -> c
    boolean i -> d
    boolean j -> e
    boolean k -> f
    boolean l -> g
    java.lang.String m -> h
    java.lang.String n -> i
    java.lang.Object o -> j
    java.lang.String[] q -> k
    java.lang.String[] r -> l
    boolean u -> m
com.umeng.fb.g -> com.umeng.fb.l:
    java.util.Date a(java.lang.String) -> a
    org.json.JSONObject c(android.content.Context) -> a
com.umeng.fb.ui.FeedbackConversation -> com.umeng.fb.ui.FeedbackConversation:
    android.content.Context a -> a
    com.umeng.fb.b e -> e
    com.umeng.fb.ui.b f -> f
    android.widget.TextView g -> g
    android.widget.EditText h -> h
    android.widget.Button i -> i
    com.umeng.fb.ui.FeedbackConversation$a j -> j
    boolean b -> b
    java.lang.String c -> c
    boolean d -> d
    java.util.concurrent.ExecutorService executorService -> executorService
    void onCreate(android.os.Bundle) -> onCreate
    void a() -> a
    void onStart() -> onStart
    void onStop() -> onStop
    boolean onKeyDown(int,android.view.KeyEvent) -> onKeyDown
    void setUserContext(android.content.Context) -> setUserContext
    void onListItemClick(android.widget.ListView,android.view.View,int,long) -> onListItemClick
    com.umeng.fb.b a(com.umeng.fb.ui.FeedbackConversation) -> a
    void a(com.umeng.fb.ui.FeedbackConversation,com.umeng.fb.b) -> a
    com.umeng.fb.ui.b b(com.umeng.fb.ui.FeedbackConversation) -> b
    android.widget.EditText c(com.umeng.fb.ui.FeedbackConversation) -> c
    android.widget.Button d(com.umeng.fb.ui.FeedbackConversation) -> d
com.umeng.fb.ui.FeedbackConversation$a -> com.umeng.fb.ui.a:
    com.umeng.fb.ui.FeedbackConversation a -> a
    void onReceive(android.content.Context,android.content.Intent) -> onReceive
com.umeng.fb.ui.FeedbackConversations -> com.umeng.fb.ui.FeedbackConversations:
    int c -> c
    int d -> d
    int e -> e
    int f -> f
    int g -> g
    com.umeng.fb.ui.FeedbackConversations$a a -> a
    android.widget.ImageButton b -> b
    int[] h -> h
    void onCreate(android.os.Bundle) -> onCreate
    void onStart() -> onStart
    void onStop() -> onStop
    void onListItemClick(android.widget.ListView,android.view.View,int,long) -> onListItemClick
    void onRestart() -> onRestart
    boolean onContextItemSelected(android.view.MenuItem) -> onContextItemSelected
    void b() -> b
    void onCreateContextMenu(android.view.ContextMenu,android.view.View,android.view.ContextMenu$ContextMenuInfo) -> onCreateContextMenu
    int[] a() -> a
com.umeng.fb.ui.FeedbackConversations$a -> com.umeng.fb.ui.c:
    com.umeng.fb.ui.d a -> a
    com.umeng.fb.ui.FeedbackConversations b -> b
    void onReceive(android.content.Context,android.content.Intent) -> onReceive